# JRE version: OpenJDK Runtime Environment Temurin-17.0.4.1+1 (17.0.4.1+1) (build 17.0.4.1+1)
# Java VM: OpenJDK 64-Bit Server VM Temurin-17.0.4.1+1 (17.0.4.1+1, mixed mode, tiered, compressed oops, compressed class ptrs, parallel gc, windows-amd64)
GC Precious Log:
 CPUs: 4 total, 4 available
 Memory: 3955M
 Large Page Support: Disabled
 NUMA Support: Disabled
 Compressed Oops: Enabled (32-bit)
 Alignments: Space 512K, Generation 512K, Heap 2M
 Heap Min Capacity: 100M
 Heap Initial Capacity: 100M
 Heap Max Capacity: 1G
 Pre-touch: Disabled
 Parallel Workers: 4
Heap:
 PSYoungGen      total 13312K, used 584K [0x00000000eab00000, 0x00000000ebf00000, 0x0000000100000000)
  eden space 6144K, 9% used [0x00000000eab00000,0x00000000eab920d8,0x00000000eb100000)
  from space 7168K, 0% used [0x00000000eb100000,0x00000000eb100000,0x00000000eb800000)
  to   space 7168K, 0% used [0x00000000eb800000,0x00000000eb800000,0x00000000ebf00000)
 ParOldGen       total 98304K, used 68176K [0x00000000c0000000, 0x00000000c6000000, 0x00000000eab00000)
  object space 98304K, 69% used [0x00000000c0000000,0x00000000c4294238,0x00000000c6000000)
 Metaspace       used 50954K, committed 51776K, reserved 1097728K
  class space    used 5455K, committed 5824K, reserved 1048576K
GC Heap History (20 events):
Event: 132.625 GC heap before
{Heap before GC invocations=22 (full 2):
 PSYoungGen      total 24576K, used 24224K [0x00000000eab00000, 0x00000000ec580000, 0x0000000100000000)
  eden space 22016K, 100% used [0x00000000eab00000,0x00000000ec080000,0x00000000ec080000)
  from space 2560K, 86% used [0x00000000ec180000,0x00000000ec3a8000,0x00000000ec400000)
  to   space 1536K, 0% used [0x00000000ec400000,0x00000000ec400000,0x00000000ec580000)
 ParOldGen       total 68608K, used 30027K [0x00000000c0000000, 0x00000000c4300000, 0x00000000eab00000)
  object space 68608K, 43% used [0x00000000c0000000,0x00000000c1d52f98,0x00000000c4300000)
 Metaspace       used 48193K, committed 48960K, reserved 1097728K
  class space    used 5168K, committed 5504K, reserved 1048576K
}
Event: 132.634 GC heap after
{Heap after GC invocations=22 (full 2):
 PSYoungGen      total 22528K, used 128K [0x00000000eab00000, 0x00000000ec480000, 0x0000000100000000)
  eden space 22016K, 0% used [0x00000000eab00000,0x00000000eab00000,0x00000000ec080000)
  from space 512K, 25% used [0x00000000ec400000,0x00000000ec420000,0x00000000ec480000)
  to   space 1024K, 0% used [0x00000000ec280000,0x00000000ec280000,0x00000000ec380000)
 ParOldGen       total 68608K, used 32152K [0x00000000c0000000, 0x00000000c4300000, 0x00000000eab00000)
  object space 68608K, 46% used [0x00000000c0000000,0x00000000c1f662f0,0x00000000c4300000)
 Metaspace       used 48193K, committed 48960K, reserved 1097728K
  class space    used 5168K, committed 5504K, reserved 1048576K
}
Event: 135.178 GC heap before
{Heap before GC invocations=23 (full 2):
 PSYoungGen      total 22528K, used 22144K [0x00000000eab00000, 0x00000000ec480000, 0x0000000100000000)
  eden space 22016K, 100% used [0x00000000eab00000,0x00000000ec080000,0x00000000ec080000)
  from space 512K, 25% used [0x00000000ec400000,0x00000000ec420000,0x00000000ec480000)
  to   space 1024K, 0% used [0x00000000ec280000,0x00000000ec280000,0x00000000ec380000)
 ParOldGen       total 68608K, used 32152K [0x00000000c0000000, 0x00000000c4300000, 0x00000000eab00000)
  object space 68608K, 46% used [0x00000000c0000000,0x00000000c1f662f0,0x00000000c4300000)
 Metaspace       used 48876K, committed 49664K, reserved 1097728K
  class space    used 5250K, committed 5568K, reserved 1048576K
}
Event: 135.184 GC heap after
{Heap after GC invocations=23 (full 2):
 PSYoungGen      total 23040K, used 576K [0x00000000eab00000, 0x00000000ec480000, 0x0000000100000000)
  eden space 22016K, 0% used [0x00000000eab00000,0x00000000eab00000,0x00000000ec080000)
  from space 1024K, 56% used [0x00000000ec280000,0x00000000ec310000,0x00000000ec380000)
  to   space 1024K, 0% used [0x00000000ec380000,0x00000000ec380000,0x00000000ec480000)
 ParOldGen       total 68608K, used 32184K [0x00000000c0000000, 0x00000000c4300000, 0x00000000eab00000)
  object space 68608K, 46% used [0x00000000c0000000,0x00000000c1f6e2f0,0x00000000c4300000)
 Metaspace       used 48876K, committed 49664K, reserved 1097728K
  class space    used 5250K, committed 5568K, reserved 1048576K
}
Event: 141.669 GC heap before
{Heap before GC invocations=24 (full 2):
 PSYoungGen      total 23040K, used 20808K [0x00000000eab00000, 0x00000000ec480000, 0x0000000100000000)
  eden space 22016K, 91% used [0x00000000eab00000,0x00000000ebec20c0,0x00000000ec080000)
  from space 1024K, 56% used [0x00000000ec280000,0x00000000ec310000,0x00000000ec380000)
  to   space 1024K, 0% used [0x00000000ec380000,0x00000000ec380000,0x00000000ec480000)
 ParOldGen       total 68608K, used 32184K [0x00000000c0000000, 0x00000000c4300000, 0x00000000eab00000)
  object space 68608K, 46% used [0x00000000c0000000,0x00000000c1f6e2f0,0x00000000c4300000)
 Metaspace       used 50342K, committed 51136K, reserved 1097728K
  class space    used 5390K, committed 5760K, reserved 1048576K
}
Event: 141.691 GC heap after
{Heap after GC invocations=24 (full 2):
 PSYoungGen      total 23040K, used 576K [0x00000000eab00000, 0x00000000ec480000, 0x0000000100000000)
  eden space 22016K, 0% used [0x00000000eab00000,0x00000000eab00000,0x00000000ec080000)
  from space 1024K, 56% used [0x00000000ec380000,0x00000000ec410000,0x00000000ec480000)
  to   space 1024K, 0% used [0x00000000ec280000,0x00000000ec280000,0x00000000ec380000)
 ParOldGen       total 68608K, used 39156K [0x00000000c0000000, 0x00000000c4300000, 0x00000000eab00000)
  object space 68608K, 57% used [0x00000000c0000000,0x00000000c263d158,0x00000000c4300000)
 Metaspace       used 50342K, committed 51136K, reserved 1097728K
  class space    used 5390K, committed 5760K, reserved 1048576K
}
Event: 143.280 GC heap before
{Heap before GC invocations=25 (full 3):
 PSYoungGen      total 23040K, used 22592K [0x00000000eab00000, 0x00000000ec480000, 0x0000000100000000)
  eden space 22016K, 100% used [0x00000000eab00000,0x00000000ec080000,0x00000000ec080000)
  from space 1024K, 56% used [0x00000000ec380000,0x00000000ec410000,0x00000000ec480000)
  to   space 1024K, 0% used [0x00000000ec280000,0x00000000ec280000,0x00000000ec380000)
 ParOldGen       total 79872K, used 76495K [0x00000000c0000000, 0x00000000c4e00000, 0x00000000eab00000)
  object space 79872K, 95% used [0x00000000c0000000,0x00000000c4ab3ca8,0x00000000c4e00000)
 Metaspace       used 50350K, committed 51200K, reserved 1097728K
  class space    used 5392K, committed 5760K, reserved 1048576K
}
Event: 143.599 GC heap after
{Heap after GC invocations=25 (full 3):
 PSYoungGen      total 22528K, used 0K [0x00000000eab00000, 0x00000000ec400000, 0x0000000100000000)
  eden space 22016K, 0% used [0x00000000eab00000,0x00000000eab00000,0x00000000ec080000)
  from space 512K, 0% used [0x00000000ec280000,0x00000000ec280000,0x00000000ec300000)
  to   space 1024K, 0% used [0x00000000ec300000,0x00000000ec300000,0x00000000ec400000)
 ParOldGen       total 83456K, used 49830K [0x00000000c0000000, 0x00000000c5180000, 0x00000000eab00000)
  object space 83456K, 59% used [0x00000000c0000000,0x00000000c30a99d8,0x00000000c5180000)
 Metaspace       used 50350K, committed 51200K, reserved 1097728K
  class space    used 5392K, committed 5760K, reserved 1048576K
}
Event: 144.126 GC heap before
{Heap before GC invocations=26 (full 3):
 PSYoungGen      total 22528K, used 22016K [0x00000000eab00000, 0x00000000ec400000, 0x0000000100000000)
  eden space 22016K, 100% used [0x00000000eab00000,0x00000000ec080000,0x00000000ec080000)
  from space 512K, 0% used [0x00000000ec280000,0x00000000ec280000,0x00000000ec300000)
  to   space 1024K, 0% used [0x00000000ec300000,0x00000000ec300000,0x00000000ec400000)
 ParOldGen       total 83456K, used 49830K [0x00000000c0000000, 0x00000000c5180000, 0x00000000eab00000)
  object space 83456K, 59% used [0x00000000c0000000,0x00000000c30a99d8,0x00000000c5180000)
 Metaspace       used 50350K, committed 51200K, reserved 1097728K
  class space    used 5392K, committed 5760K, reserved 1048576K
}
Event: 144.186 GC heap after
{Heap after GC invocations=26 (full 3):
 PSYoungGen      total 7168K, used 1024K [0x00000000eab00000, 0x00000000ee400000, 0x0000000100000000)
  eden space 6144K, 0% used [0x00000000eab00000,0x00000000eab00000,0x00000000eb100000)
  from space 1024K, 100% used [0x00000000ec300000,0x00000000ec400000,0x00000000ec400000)
  to   space 18432K, 0% used [0x00000000eb100000,0x00000000eb100000,0x00000000ec300000)
 ParOldGen       total 83456K, used 64414K [0x00000000c0000000, 0x00000000c5180000, 0x00000000eab00000)
  object space 83456K, 77% used [0x00000000c0000000,0x00000000c3ee79d8,0x00000000c5180000)
 Metaspace       used 50350K, committed 51200K, reserved 1097728K
  class space    used 5392K, committed 5760K, reserved 1048576K
}
Event: 144.360 GC heap before
{Heap before GC invocations=27 (full 3):
 PSYoungGen      total 7168K, used 7168K [0x00000000eab00000, 0x00000000ee400000, 0x0000000100000000)
  eden space 6144K, 100% used [0x00000000eab00000,0x00000000eb100000,0x00000000eb100000)
  from space 1024K, 100% used [0x00000000ec300000,0x00000000ec400000,0x00000000ec400000)
  to   space 18432K, 0% used [0x00000000eb100000,0x00000000eb100000,0x00000000ec300000)
 ParOldGen       total 83456K, used 64414K [0x00000000c0000000, 0x00000000c5180000, 0x00000000eab00000)
  object space 83456K, 77% used [0x00000000c0000000,0x00000000c3ee79d8,0x00000000c5180000)
 Metaspace       used 50350K, committed 51200K, reserved 1097728K
  class space    used 5392K, committed 5760K, reserved 1048576K
}
Event: 144.376 GC heap after
{Heap after GC invocations=27 (full 3):
 PSYoungGen      total 10752K, used 4352K [0x00000000eab00000, 0x00000000ec380000, 0x0000000100000000)
  eden space 6144K, 0% used [0x00000000eab00000,0x00000000eab00000,0x00000000eb100000)
  from space 4608K, 94% used [0x00000000eb100000,0x00000000eb540000,0x00000000eb580000)
  to   space 8704K, 0% used [0x00000000ebb00000,0x00000000ebb00000,0x00000000ec380000)
 ParOldGen       total 83456K, used 65454K [0x00000000c0000000, 0x00000000c5180000, 0x00000000eab00000)
  object space 83456K, 78% used [0x00000000c0000000,0x00000000c3feb9d8,0x00000000c5180000)
 Metaspace       used 50350K, committed 51200K, reserved 1097728K
  class space    used 5392K, committed 5760K, reserved 1048576K
}
Event: 144.806 GC heap before
{Heap before GC invocations=28 (full 3):
 PSYoungGen      total 10752K, used 10496K [0x00000000eab00000, 0x00000000ec380000, 0x0000000100000000)
  eden space 6144K, 100% used [0x00000000eab00000,0x00000000eb100000,0x00000000eb100000)
  from space 4608K, 94% used [0x00000000eb100000,0x00000000eb540000,0x00000000eb580000)
  to   space 8704K, 0% used [0x00000000ebb00000,0x00000000ebb00000,0x00000000ec380000)
 ParOldGen       total 83456K, used 65454K [0x00000000c0000000, 0x00000000c5180000, 0x00000000eab00000)
  object space 83456K, 78% used [0x00000000c0000000,0x00000000c3feb9d8,0x00000000c5180000)
 Metaspace       used 50350K, committed 51200K, reserved 1097728K
  class space    used 5392K, committed 5760K, reserved 1048576K
}
Event: 144.826 GC heap after
{Heap after GC invocations=28 (full 3):
 PSYoungGen      total 10752K, used 4384K [0x00000000eab00000, 0x00000000ebf80000, 0x0000000100000000)
  eden space 6144K, 0% used [0x00000000eab00000,0x00000000eab00000,0x00000000eb100000)
  from space 4608K, 95% used [0x00000000ebb00000,0x00000000ebf48000,0x00000000ebf80000)
  to   space 5120K, 0% used [0x00000000eb580000,0x00000000eb580000,0x00000000eba80000)
 ParOldGen       total 83456K, used 69750K [0x00000000c0000000, 0x00000000c5180000, 0x00000000eab00000)
  object space 83456K, 83% used [0x00000000c0000000,0x00000000c441d9d8,0x00000000c5180000)
 Metaspace       used 50350K, committed 51200K, reserved 1097728K
  class space    used 5392K, committed 5760K, reserved 1048576K
}
Event: 145.020 GC heap before
{Heap before GC invocations=29 (full 3):
 PSYoungGen      total 10752K, used 10528K [0x00000000eab00000, 0x00000000ebf80000, 0x0000000100000000)
  eden space 6144K, 100% used [0x00000000eab00000,0x00000000eb100000,0x00000000eb100000)
  from space 4608K, 95% used [0x00000000ebb00000,0x00000000ebf48000,0x00000000ebf80000)
  to   space 5120K, 0% used [0x00000000eb580000,0x00000000eb580000,0x00000000eba80000)
 ParOldGen       total 83456K, used 69750K [0x00000000c0000000, 0x00000000c5180000, 0x00000000eab00000)
  object space 83456K, 83% used [0x00000000c0000000,0x00000000c441d9d8,0x00000000c5180000)
 Metaspace       used 50350K, committed 51200K, reserved 1097728K
  class space    used 5392K, committed 5760K, reserved 1048576K
}
Event: 145.044 GC heap after
{Heap after GC invocations=29 (full 3):
 PSYoungGen      total 10752K, used 4320K [0x00000000eab00000, 0x00000000ebb80000, 0x0000000100000000)
  eden space 6144K, 0% used [0x00000000eab00000,0x00000000eab00000,0x00000000eb100000)
  from space 4608K, 93% used [0x00000000eb580000,0x00000000eb9b8000,0x00000000eba00000)
  to   space 1536K, 0% used [0x00000000eba00000,0x00000000eba00000,0x00000000ebb80000)
 ParOldGen       total 83456K, used 74070K [0x00000000c0000000, 0x00000000c5180000, 0x00000000eab00000)
  object space 83456K, 88% used [0x00000000c0000000,0x00000000c48559d8,0x00000000c5180000)
 Metaspace       used 50350K, committed 51200K, reserved 1097728K
  class space    used 5392K, committed 5760K, reserved 1048576K
}
Event: 288.717 GC heap before
{Heap before GC invocations=30 (full 3):
 PSYoungGen      total 10752K, used 10463K [0x00000000eab00000, 0x00000000ebb80000, 0x0000000100000000)
  eden space 6144K, 99% used [0x00000000eab00000,0x00000000eb0fff58,0x00000000eb100000)
  from space 4608K, 93% used [0x00000000eb580000,0x00000000eb9b8000,0x00000000eba00000)
  to   space 1536K, 0% used [0x00000000eba00000,0x00000000eba00000,0x00000000ebb80000)
 ParOldGen       total 83456K, used 74070K [0x00000000c0000000, 0x00000000c5180000, 0x00000000eab00000)
  object space 83456K, 88% used [0x00000000c0000000,0x00000000c48559d8,0x00000000c5180000)
 Metaspace       used 50797K, committed 51584K, reserved 1097728K
  class space    used 5432K, committed 5760K, reserved 1048576K
}
Event: 288.749 GC heap after
{Heap after GC invocations=30 (full 3):
 PSYoungGen      total 7680K, used 1536K [0x00000000eab00000, 0x00000000ebf00000, 0x0000000100000000)
  eden space 6144K, 0% used [0x00000000eab00000,0x00000000eab00000,0x00000000eb100000)
  from space 1536K, 100% used [0x00000000eba00000,0x00000000ebb80000,0x00000000ebb80000)
  to   space 7168K, 0% used [0x00000000eb100000,0x00000000eb100000,0x00000000eb800000)
 ParOldGen       total 83456K, used 79174K [0x00000000c0000000, 0x00000000c5180000, 0x00000000eab00000)
  object space 83456K, 94% used [0x00000000c0000000,0x00000000c4d519d8,0x00000000c5180000)
 Metaspace       used 50797K, committed 51584K, reserved 1097728K
  class space    used 5432K, committed 5760K, reserved 1048576K
}
Event: 288.749 GC heap before
{Heap before GC invocations=31 (full 4):
 PSYoungGen      total 7680K, used 1536K [0x00000000eab00000, 0x00000000ebf00000, 0x0000000100000000)
  eden space 6144K, 0% used [0x00000000eab00000,0x00000000eab00000,0x00000000eb100000)
  from space 1536K, 100% used [0x00000000eba00000,0x00000000ebb80000,0x00000000ebb80000)
  to   space 7168K, 0% used [0x00000000eb100000,0x00000000eb100000,0x00000000eb800000)
 ParOldGen       total 83456K, used 79174K [0x00000000c0000000, 0x00000000c5180000, 0x00000000eab00000)
  object space 83456K, 94% used [0x00000000c0000000,0x00000000c4d519d8,0x00000000c5180000)
 Metaspace       used 50797K, committed 51584K, reserved 1097728K
  class space    used 5432K, committed 5760K, reserved 1048576K
}
Event: 289.214 GC heap after
{Heap after GC invocations=31 (full 4):
 PSYoungGen      total 13312K, used 0K [0x00000000eab00000, 0x00000000ebf00000, 0x0000000100000000)
  eden space 6144K, 0% used [0x00000000eab00000,0x00000000eab00000,0x00000000eb100000)
  from space 7168K, 0% used [0x00000000eb100000,0x00000000eb100000,0x00000000eb800000)
  to   space 7168K, 0% used [0x00000000eb800000,0x00000000eb800000,0x00000000ebf00000)
 ParOldGen       total 98304K, used 68176K [0x00000000c0000000, 0x00000000c6000000, 0x00000000eab00000)
  object space 98304K, 69% used [0x00000000c0000000,0x00000000c4294238,0x00000000c6000000)
 Metaspace       used 50797K, committed 51584K, reserved 1097728K
  class space    used 5432K, committed 5760K, reserved 1048576K
}

